\BOOKMARK [0][-]{mulu.0}{\376\377\166\356\000\040\000\040\000\040\000\040\137\125}{}% 1
\BOOKMARK [1][-]{section.1}{\376\377\000C\000o\000n\000c\000e\000p\000t\000s\000\040\000a\000b\000o\000u\000t\000\040\000M\000L}{mulu.0}% 2
\BOOKMARK [2][-]{subsection.1.1}{\376\377\000B\000a\000s\000i\000c\000s}{section.1}% 3
\BOOKMARK [3][-]{subsubsection.1.1.1}{\376\377\000A\000u\000t\000o\000-\000r\000e\000g\000r\000e\000s\000s\000i\000v\000e\000\040\000m\000o\000d\000e\000l\040\024\000A\000R}{subsection.1.1}% 4
\BOOKMARK [3][-]{subsubsection.1.1.2}{\376\377\000V\000a\000r\000i\000a\000t\000i\000o\000n\000a\000l\000\040\000A\000u\000t\000o\000\040\000E\000n\000c\000o\000d\000e\000r\000-\000V\000A\000E}{subsection.1.1}% 5
\BOOKMARK [3][-]{subsubsection.1.1.3}{\376\377\000S\000p\000e\000c\000t\000r\000a\000l\000\040\000c\000l\000u\000s\000t\000e\000r}{subsection.1.1}% 6
\BOOKMARK [3][-]{subsubsection.1.1.4}{\376\377\000S\000p\000e\000c\000t\000r\000a\000l\000\040\000g\000r\000a\000p\000h\000\040\000c\000o\000n\000v\000o\000l\000u\000t\000i\000o\000n}{subsection.1.1}% 7
\BOOKMARK [3][-]{subsubsection.1.1.5}{\376\377\000S\000e\000m\000i\000-\000s\000u\000p\000e\000r\000v\000i\000s\000e\000d\000\040\000l\000e\000a\000r\000n\000i\000n\000g\000\040}{subsection.1.1}% 8
\BOOKMARK [3][-]{subsubsection.1.1.6}{\376\377\000t\000-\000S\000N\000E}{subsection.1.1}% 9
\BOOKMARK [3][-]{subsubsection.1.1.7}{\376\377\000L\0001\000/\0002\000\040\000r\000e\000g\000u\000l\000a\000r\000i\000z\000a\000t\000i\000o\000n}{subsection.1.1}% 10
\BOOKMARK [3][-]{subsubsection.1.1.8}{\376\377\000m\000i\000n\000i\000/\000f\000u\000l\000l\000-\000b\000a\000t\000c\000h\000\040\000g\000r\000a\000d\000i\000e\000n\000t\000\040\000d\000e\000s\000c\000e\000n\000t}{subsection.1.1}% 11
\BOOKMARK [3][-]{subsubsection.1.1.9}{\376\377\230\204\213\255\176\303\377\014\117\177\165\050\201\352\177\026\170\001\126\150\217\333\210\114\230\204\213\255\176\303}{subsection.1.1}% 12
\BOOKMARK [3][-]{subsubsection.1.1.10}{\376\377\147\072\126\150\133\146\116\140\116\055\136\070\211\301\166\204\145\160\143\156\122\006\136\003}{subsection.1.1}% 13
\BOOKMARK [3][-]{subsubsection.1.1.11}{\376\377\000e\000a\000r\000l\000y\000\040\000s\000t\000o\000p\000p\000i\000n\000g\000\040\000s\000t\000r\000a\000t\000e\000g\000y}{subsection.1.1}% 14
\BOOKMARK [3][-]{subsubsection.1.1.12}{\376\377\000J\000a\000c\000o\000b\000e\000a\000n\000\040\000H\000e\000s\000s\000i\000a\000n}{subsection.1.1}% 15
\BOOKMARK [3][-]{subsubsection.1.1.13}{\376\377\000A\000u\000t\000o\000m\000a\000t\000i\000c\000\040\000d\000i\000f\000f\000e\000r\000e\000n\000t\000i\000a\000t\000i\000o\000n}{subsection.1.1}% 16
\BOOKMARK [3][-]{subsubsection.1.1.14}{\376\377\116\015\124\014\166\204\117\030\123\026\126\150\123\237\164\006}{subsection.1.1}% 17
\BOOKMARK [3][-]{subsubsection.1.1.15}{\376\377\000T\000e\000a\000c\000h\000e\000r\000\040\000f\000o\000r\000c\000i\000n\000g}{subsection.1.1}% 18
\BOOKMARK [3][-]{subsubsection.1.1.16}{\376\377\161\265\060\001\166\370\133\371\161\265\060\001\116\244\123\311\161\265\060\001\116\222\117\341\140\157}{subsection.1.1}% 19
\BOOKMARK [3][-]{subsubsection.1.1.17}{\376\377\176\277\140\047\126\336\137\122\000\046\220\073\217\221\126\336\137\122}{subsection.1.1}% 20
\BOOKMARK [3][-]{subsubsection.1.1.18}{\376\377\000m\000e\000t\000r\000i\000c\000\040\000l\000e\000a\000r\000n\000i\000n\000g}{subsection.1.1}% 21
\BOOKMARK [3][-]{subsubsection.1.1.19}{\376\377\000n\000-\000f\000o\000l\000d\000\040\000c\000r\000o\000s\000s\000\040\000v\000a\000l\000i\000d\000a\000t\000i\000o\000n}{subsection.1.1}% 22
\BOOKMARK [3][-]{subsubsection.1.1.20}{\376\377\000x\000a\000v\000i\000e\000r\000\040\000i\000n\000n\000i\000t\000i\000a\000l\000i\000z\000a\000t\000i\000n\000o}{subsection.1.1}% 23
\BOOKMARK [3][-]{subsubsection.1.1.21}{\376\377\142\171\213\255\176\303\166\204\217\307\172\013\377\014\123\237\126\340}{subsection.1.1}% 24
\BOOKMARK [3][-]{subsubsection.1.1.22}{\376\377\000C\000o\000n\000t\000r\000a\000s\000t\000i\000v\000e\000\040\000l\000o\000s\000s\000,\000\040\000T\000r\000i\000p\000l\000e\000t\000\040\000l\000o\000s\000s}{subsection.1.1}% 25
\BOOKMARK [3][-]{subsubsection.1.1.23}{\376\377\000S\000i\000a\000m\000e\000s\000e\000\040\000N\000e\000t\000w\000o\000r\000k}{subsection.1.1}% 26
\BOOKMARK [3][-]{subsubsection.1.1.24}{\376\377\000B\000a\000t\000c\000h\000\040\000N\000o\000r\000m\000a\000l\000i\000z\000a\000t\000i\000o\000n}{subsection.1.1}% 27
\BOOKMARK [3][-]{subsubsection.1.1.25}{\376\377\122\044\122\053\152\041\127\213\060\001\165\037\142\020\152\041\127\213}{subsection.1.1}% 28
\BOOKMARK [3][-]{subsubsection.1.1.26}{\376\377\123\330\122\006\215\035\123\366\145\257}{subsection.1.1}% 29
\BOOKMARK [3][-]{subsubsection.1.1.27}{\376\377\201\352\122\250\177\026\170\001\126\150\000/\123\330\122\006\201\352\122\250\177\026\170\001\126\150}{subsection.1.1}% 30
\BOOKMARK [3][-]{subsubsection.1.1.28}{\376\377\000K\000o\000o\000p\000m\000a\000n\122\006\147\220}{subsection.1.1}% 31
\BOOKMARK [3][-]{subsubsection.1.1.29}{\376\377\000M\000o\000d\000e\000l\000\040\000C\000o\000l\000l\000a\000p\000s\000e}{subsection.1.1}% 32
\BOOKMARK [3][-]{subsubsection.1.1.30}{\376\377\000I\000n\000d\000u\000c\000t\000i\000v\000e\000\040\000B\000i\000a\000s}{subsection.1.1}% 33
\BOOKMARK [3][-]{subsubsection.1.1.31}{\376\377\000C\000o\000v\000a\000r\000i\000a\000t\000e\000\040\000S\000h\000i\000f\000t}{subsection.1.1}% 34
\BOOKMARK [3][-]{subsubsection.1.1.32}{\376\377\121\163\116\216\116\244\123\311\161\265\143\137\131\061\121\375\145\160\166\204\116\000\160\271\164\006\211\343}{subsection.1.1}% 35
\BOOKMARK [3][-]{subsubsection.1.1.33}{\376\377\121\163\116\216\000C\000N\000N\166\204\116\000\160\271\164\006\211\343}{subsection.1.1}% 36
\BOOKMARK [3][-]{subsubsection.1.1.34}{\376\377\000D\000L\116\055\166\204\116\015\123\357\137\256\144\315\117\134}{subsection.1.1}% 37
\BOOKMARK [3][-]{subsubsection.1.1.35}{\376\377\000b\000a\000t\000c\000h\000\040\000n\000o\000r\000m\000a\000l\000i\000z\000a\000t\000i\000o\000n\060\001\000l\000a\000y\000e\000r\000\040\000n\000o\000r\000m\000a\000l\000i\000z\000a\000t\000i\000o\000n}{subsection.1.1}% 38
\BOOKMARK [3][-]{subsubsection.1.1.36}{\376\377\000G\000l\000o\000b\000a\000l\000\040\000M\000a\000x\000\040\000P\000o\000o\000l\000i\000n\000g}{subsection.1.1}% 39
\BOOKMARK [3][-]{subsubsection.1.1.37}{\376\377\000A\000t\000t\000e\000n\000t\000i\000o\000n\147\072\122\066\116\016\000C\000N\000N}{subsection.1.1}% 40
\BOOKMARK [3][-]{subsubsection.1.1.38}{\376\377\133\146\116\140\163\207\210\160\121\317\116\016\123\302\145\160\153\143\122\031\123\026}{subsection.1.1}% 41
\BOOKMARK [3][-]{subsubsection.1.1.39}{\376\377\155\361\136\246\133\146\116\140\116\055\136\070\211\301\166\204\123\302\145\160\122\035\131\313\123\026\145\271\154\325}{subsection.1.1}% 42
\BOOKMARK [3][-]{subsubsection.1.1.40}{\376\377\147\072\126\150\133\146\116\140\116\055\136\070\165\050\166\204\173\227\154\325\143\007\150\007\123\312\121\166\136\224\165\050\127\072\146\157}{subsection.1.1}% 43
\BOOKMARK [3][-]{subsubsection.1.1.41}{\376\377\155\361\136\246\133\146\116\140\152\041\127\213\116\055\162\171\153\212\166\204\176\323\147\204}{subsection.1.1}% 44
\BOOKMARK [3][-]{subsubsection.1.1.42}{\376\377\136\070\165\050\145\160\143\156\130\236\137\072\142\113\153\265}{subsection.1.1}% 45
\BOOKMARK [3][-]{subsubsection.1.1.43}{\376\377\145\271\135\356\116\016\120\117\135\356}{subsection.1.1}% 46
\BOOKMARK [3][-]{subsubsection.1.1.44}{\376\377\174\173\122\053\116\015\136\163\210\141\225\356\230\230}{subsection.1.1}% 47
\BOOKMARK [3][-]{subsubsection.1.1.45}{\376\377\116\244\123\311\232\214\213\301}{subsection.1.1}% 48
\BOOKMARK [3][-]{subsubsection.1.1.46}{\376\377\137\122\116\000\123\026\000\040\000v\000s\000\040\150\007\121\306\123\026\000\040\133\232\221\317\166\204\122\006\147\220}{subsection.1.1}% 49
\BOOKMARK [1][-]{section.2}{\376\377\000N\000L\000P}{mulu.0}% 50
\BOOKMARK [2][-]{subsubsection.2.0.1}{\376\377\232\154\134\024\171\321\131\053\224\376\000/\226\220\232\154\134\024\171\321\131\053\224\376}{section.2}% 51
\BOOKMARK [3][-]{subsubsection.2.0.2}{\376\377\151\202\163\207\126\376\152\041\127\213}{subsubsection.2.0.1}% 52
\BOOKMARK [3][-]{subsubsection.2.0.3}{\376\377\124\175\124\015\133\236\117\123\213\306\122\053}{subsubsection.2.0.1}% 53
\BOOKMARK [3][-]{subsubsection.2.0.4}{\376\377\000T\000F\000-\000I\000D\000F}{subsubsection.2.0.1}% 54
\BOOKMARK [3][-]{subsubsection.2.0.5}{\376\377\213\315\210\213\152\041\127\213}{subsubsection.2.0.1}% 55
\BOOKMARK [3][-]{subsubsection.2.0.6}{\376\377\117\177\165\050\147\064\175\040\215\035\123\366\145\257\122\006\174\173\126\150\217\333\210\114\145\207\147\054\122\006\174\173}{subsubsection.2.0.1}% 56
\BOOKMARK [3][-]{subsubsection.2.0.7}{\376\377\213\355\154\325\122\006\147\220}{subsubsection.2.0.1}% 57
\BOOKMARK [3][-]{subsubsection.2.0.8}{\376\377\000T\000r\000a\000n\000s\000f\000o\000r\000m\000e\000r}{subsubsection.2.0.1}% 58
\BOOKMARK [1][-]{section.3}{\376\377\000G\000r\000a\000p\000h\000s}{mulu.0}% 59
\BOOKMARK [2][-]{subsubsection.3.0.1}{\376\377\126\376\127\372\147\054\151\202\137\365}{section.3}% 60
\BOOKMARK [3][-]{subsubsection.3.0.2}{\376\377\176\323\160\271\220\273\134\105\221\307\150\067}{subsubsection.3.0.1}% 61
\BOOKMARK [3][-]{subsubsection.3.0.3}{\376\377\000D\000e\000e\000p\000W\000a\000l\000k\000\040\000\046\000\040\000N\000o\000d\000e\0002\000V\000e\000c}{subsubsection.3.0.1}% 62
\BOOKMARK [1][-]{section.4}{\376\377\000K\000n\000o\000w\000l\000e\000d\000g\000e\000\040\000G\000r\000a\000p\000h}{mulu.0}% 63
\BOOKMARK [2][-]{subsubsection.4.0.1}{\376\377\000K\000G\116\055\166\204\145\207\147\054\117\341\140\157\142\275\123\326}{section.4}% 64
\BOOKMARK [1][-]{section.5}{\376\377\000R\000e\000c\000o\000m\000m\000e\000n\000d\000e\000r\000\040\000S\000y\000s\000t\000e\000m}{mulu.0}% 65
\BOOKMARK [2][-]{subsection.5.1}{\376\377\127\372\147\054\151\202\137\365}{section.5}% 66
\BOOKMARK [3][-]{subsubsection.5.1.1}{\376\377\123\206\123\362\200\314\146\157}{subsection.5.1}% 67
\BOOKMARK [3][-]{subsubsection.5.1.2}{\376\377\121\161\163\260\167\351\226\065}{subsection.5.1}% 68
\BOOKMARK [3][-]{subsubsection.5.1.3}{\376\377\123\354\126\336\145\271\154\325\122\006\174\173}{subsection.5.1}% 69
\BOOKMARK [3][-]{subsubsection.5.1.4}{\376\377\136\070\165\050\166\370\117\074\136\246\213\241\173\227\145\271\154\325}{subsection.5.1}% 70
\BOOKMARK [3][-]{subsubsection.5.1.5}{\376\377\127\372\116\216\116\272\123\343\176\337\213\241\133\146\166\204\143\250\203\120}{subsection.5.1}% 71
\BOOKMARK [3][-]{subsubsection.5.1.6}{\376\377\127\372\116\216\121\205\133\271\166\204\143\250\203\120}{subsection.5.1}% 72
\BOOKMARK [3][-]{subsubsection.5.1.7}{\376\377\127\372\116\216\123\117\124\014\217\307\156\344\166\204\143\250\203\120}{subsection.5.1}% 73
\BOOKMARK [3][-]{subsubsection.5.1.8}{\376\377\143\250\203\120\116\055\211\201\154\350\141\017\166\204\160\271}{subsection.5.1}% 74
\BOOKMARK [2][-]{subsection.5.2}{\376\377\176\317\121\170\173\227\154\325}{section.5}% 75
\BOOKMARK [3][-]{subsubsection.5.2.1}{\376\377\000F\000M}{subsection.5.2}% 76
\BOOKMARK [3][-]{subsubsection.5.2.2}{\376\377\000F\000F\000M}{subsection.5.2}% 77
\BOOKMARK [1][-]{section.6}{\376\377\000L\000e\000a\000r\000n\000i\000n\000g\000\040\000t\000o\000\040\000R\000a\000n\000k}{mulu.0}% 78
\BOOKMARK [2][-]{subsection.6.1}{\376\377\143\222\136\217\133\146\116\140\173\227\154\325\173\200\116\313}{section.6}% 79
\BOOKMARK [3][-]{subsubsection.6.1.1}{\376\377\000P\000o\000i\000n\000t\000w\000i\000s\000e}{subsection.6.1}% 80
\BOOKMARK [3][-]{subsubsection.6.1.2}{\376\377\000P\000a\000i\000r\000w\000i\000s\000e}{subsection.6.1}% 81
\BOOKMARK [3][-]{subsubsection.6.1.3}{\376\377\000L\000i\000s\000t\000w\000i\000s\000e}{subsection.6.1}% 82
\BOOKMARK [1][-]{section.7}{\376\377\000C\000o\000n\000c\000e\000p\000t\000s\000\040\000a\000b\000o\000u\000t\000\040\000M\000a\000t\000h}{mulu.0}% 83
\BOOKMARK [2][-]{subsection.7.1}{\376\377\000c\000h\000a\000p\0000\0001}{section.7}% 84
\BOOKMARK [3][-]{subsubsection.7.1.1}{\376\377\221\307\150\067}{subsection.7.1}% 85
\BOOKMARK [3][-]{subsubsection.7.1.2}{\376\377\000e\000i\000g\000e\000n\000-\000v\000a\000l\000u\000e\000\040\000\046\000\040\000e\000i\000g\000e\000n\040\024\000v\000e\000c\000t\000o\000r\000\040}{subsection.7.1}% 86
\BOOKMARK [3][-]{subsubsection.7.1.3}{\376\377\000D\000e\000n\000s\000i\000t\000y\000\040\000e\000s\000t\000i\000m\000a\000t\000i\000o\000n\000\040}{subsection.7.1}% 87
\BOOKMARK [3][-]{subsubsection.7.1.4}{\376\377\000M\000M\000D}{subsection.7.1}% 88
\BOOKMARK [3][-]{subsubsection.7.1.5}{\376\377\000P\000,\000\040\000N\000P\000,\000\040\000N\000P\000-\000h\000a\000r\000d}{subsection.7.1}% 89
\BOOKMARK [3][-]{subsubsection.7.1.6}{\376\377\000l\0001\000,\000\040\000l\0002\203\003\145\160\133\371\147\000\117\030\123\026\225\356\230\230\166\204\137\161\124\315}{subsection.7.1}% 90
\BOOKMARK [3][-]{subsubsection.7.1.7}{\376\377\000R\000e\000p\000a\000r\000a\000m\000e\000t\000r\000i\000z\000a\000t\000i\000o\000n}{subsection.7.1}% 91
\BOOKMARK [3][-]{subsubsection.7.1.8}{\376\377\136\070\165\050\176\337\213\241\221\317}{subsection.7.1}% 92
\BOOKMARK [3][-]{subsubsection.7.1.9}{\376\377\145\160\143\156\166\204\136\246\221\317}{subsection.7.1}% 93
\BOOKMARK [1][-]{section.8}{\376\377\000A\000l\000g\000o\000r\000i\000t\000h\000m\000s}{mulu.0}% 94
\BOOKMARK [2][-]{subsection.8.1}{\376\377\000S\000e\000a\000r\000c\000h}{section.8}% 95
\BOOKMARK [3][-]{subsubsection.8.1.1}{\376\377\215\052\137\303\173\227\154\325}{subsection.8.1}% 96
\BOOKMARK [3][-]{subsubsection.8.1.2}{\376\377\000B\000e\000a\000m\000\040\000S\000e\000a\000r\000c\000h}{subsection.8.1}% 97
\BOOKMARK [1][-]{section.9}{\376\377\000L\000a\000T\000e\000X}{mulu.0}% 98
\BOOKMARK [2][-]{subsection.9.1}{\376\377\127\050\000p\000d\000f\116\055\135\114\121\145\116\343\170\001}{section.9}% 99
\BOOKMARK [2][-]{subsection.9.2}{\376\377\123\302\200\003\145\207\163\056\166\370\121\163}{section.9}% 100
\BOOKMARK [2][-]{subsection.9.3}{\376\377\145\160\133\146\173\046\123\367}{section.9}% 101
\BOOKMARK [2][-]{subsection.9.4}{\376\377\000L\000a\000T\000e\000X\116\055\166\204\230\234\202\162}{section.9}% 102
\BOOKMARK [2][-]{subsection.9.5}{\376\377\154\350\201\032}{section.9}% 103
\BOOKMARK [2][-]{subsection.9.6}{\376\377\172\340\202\202\177\026\123\367}{section.9}% 104
\BOOKMARK [1][-]{section.10}{\376\377\000C\000o\000d\000i\000n\000g}{mulu.0}% 105
\BOOKMARK [2][-]{subsection.10.1}{\376\377\000C\000+\000+}{section.10}% 106
\BOOKMARK [3][-]{subsubsection.10.1.1}{\376\377\000C\000+\000+\145\160\143\156\174\173\127\213\217\154\143\142}{subsection.10.1}% 107
\BOOKMARK [3][-]{subsubsection.10.1.2}{\376\377\000C\000+\000+\226\306\124\010}{subsection.10.1}% 108
\BOOKMARK [3][-]{subsubsection.10.1.3}{\376\377\133\127\173\046\116\062}{subsection.10.1}% 109
\BOOKMARK [3][-]{subsubsection.10.1.4}{\376\377\145\160\176\304}{subsection.10.1}% 110
\BOOKMARK [3][-]{subsubsection.10.1.5}{\376\377\220\115\123\206\000v\000e\000c\000t\000o\000r\166\204\145\271\137\017}{subsection.10.1}% 111
\BOOKMARK [3][-]{subsubsection.10.1.6}{\376\377\000f\000o\000r\000\137\000e\000a\000c\000h}{subsection.10.1}% 112
\BOOKMARK [2][-]{subsection.10.2}{\376\377\000P\000y\000t\000h\000o\000n}{section.10}% 113
\BOOKMARK [2][-]{subsection.10.3}{\376\377\000T\000e\000n\000s\000o\000r\000f\000l\000o\000w\000/\000P\000y\000T\000o\000r\000c\000h}{section.10}% 114
\BOOKMARK [2][-]{subsection.10.4}{\376\377\000M\000L\000/\000D\000L\225\031\213\357\226\306\225\046}{section.10}% 115
\BOOKMARK [1][-]{section*.96}{\376\377\123\302\200\003\145\207\163\056}{mulu.0}% 116
